********************************************************************************
DUPLICATOR-LITE PACKAGE-LOG: December 6, 2023 3:22 am
NOTICE: Do NOT post to public sites or forums 
********************************************************************************
VERSION:	1.5.7.1
WORDPRESS:	6.4.1
PHP INFO:	7.4.33 | SAPI: fpm-fcgi
SERVER:		Apache/2.4.58 (Debian) 
PHP TIME LIMIT: (0) no time limit imposed 
PHP MAX MEMORY: 4294967296 (368M default) 
MEMORY STACK: 8MB

********************************************************************************
DATABASE:
********************************************************************************
BUILD MODE:   PHP(query limit - 100)
MYSQLTIMEOUT: 5000
MYSQLDUMP:    Not Supported
TABLES: total:25 | filtered:0 | create:25
FILTERED: []
SQL CREATED: 20231206_cucikarpetmalanglaundrykarp_18a09cc1f14843f41729_20231206032214_database.sql
SQL FILE SIZE: 18.79MB (19705233)
SQL FILE TIME: 2023-12-06 03:22:27
SQL RUNTIME: 2.45 sec.

********************************************************************************
ARCHIVE (ZIP):
********************************************************************************
ARCHIVE DIR:  /home/1095496.cloudwaysapps.com/cehryntbrg/public_html
ARCHIVE FILE: 20231206_cucikarpetmalanglaundrykarp_18a09cc1f14843f41729_20231206032214_archive.zip
FILTERS: *OFF*
DIRS:
	not set
FILES:
	not set
EXTS:  not set
----------------------------------------
COMPRESSING
SIZE:	208.87MB
STATS:	Dirs 1,838 | Files 10,493
SQL ADDED: 20231206_cucikarpetmalanglaundrykarp_18a09cc1f14843f41729_20231206032214_database.sql
ZipArchive Object
(
    [status] => 0
    [statusSys] => 0
    [numFiles] => 12331
    [filename] => /home/1095496.cloudwaysapps.com/cehryntbrg/public_html/wp-content/backups-dup-lite/tmp/20231206_cucikarpetmalanglaundrykarp_18a09cc1f14843f41729_20231206032214_archive.zip
    [comment] => 
)

FILE ADDED TO ZIP: 12330
COMPRESSION RESULT: '1'
COMPRESSED SIZE: 79.91MB
ARCHIVE RUNTIME: 21.31 sec.
MEMORY STACK: 14MB
building installer
ARCHIVE CONSISTENCY TEST: PASS

********************************************************************************
INTEGRITY CHECKS:
********************************************************************************
SQL FILE: 18.79MB
INSTALLER FILE: 73.49KB
ARCHIVE FILE: 81.9MB 
EXPECTED FILE/DIRECTORY COUNT: 12,331
ACTUAL FILE/DIRECTORY COUNT: 12,330
ARCHIVE CONSISTENCY TEST: Pass

********************************************************************************
RECORD ID:[1]
TOTAL PROCESS RUNTIME: 26.82 sec.
PEAK PHP MEMORY USED: 18.16MB
DONE PROCESSING => 20231206_cucikarpetmalanglaundrykarp December 6, 2023 3:22 am

